<?xml version="1.0" encoding="UTF-8" ?>
<testsuite failures="0" time="1.297" errors="0" skipped="0" tests="1" name="wli.hibernate.db.EventTest">
  <properties>
    <property name="java.runtime.name" value="Java(TM) SE Runtime Environment"/>
    <property name="sun.boot.library.path" value="C:\Sun\Java\jdk1.6.0_25\jre\bin"/>
    <property name="java.vm.version" value="20.0-b11"/>
    <property name="java.vm.vendor" value="Sun Microsystems Inc."/>
    <property name="java.vendor.url" value="http://java.sun.com/"/>
    <property name="path.separator" value=";"/>
    <property name="java.vm.name" value="Java HotSpot(TM) Client VM"/>
    <property name="file.encoding.pkg" value="sun.io"/>
    <property name="user.country" value="US"/>
    <property name="sun.java.launcher" value="SUN_STANDARD"/>
    <property name="sun.os.patch.level" value="Service Pack 3"/>
    <property name="java.vm.specification.name" value="Java Virtual Machine Specification"/>
    <property name="user.dir" value="C:\eclipse\eclipse-3.7\workspace\MavenHibernate"/>
    <property name="java.runtime.version" value="1.6.0_25-b06"/>
    <property name="java.awt.graphicsenv" value="sun.awt.Win32GraphicsEnvironment"/>
    <property name="basedir" value="C:\eclipse\eclipse-3.7\workspace\MavenHibernate"/>
    <property name="java.endorsed.dirs" value="C:\Sun\Java\jdk1.6.0_25\jre\lib\endorsed"/>
    <property name="os.arch" value="x86"/>
    <property name="surefire.real.class.path" value="C:\eclipse\eclipse-3.7\workspace\MavenHibernate\target\surefire\surefirebooter6479606523160852132.jar"/>
    <property name="java.io.tmpdir" value="C:\DOCUME~1\wli\Local Settings\Temp\"/>
    <property name="line.separator" value="
"/>
    <property name="java.vm.specification.vendor" value="Sun Microsystems Inc."/>
    <property name="user.variant" value=""/>
    <property name="os.name" value="Windows XP"/>
    <property name="sun.jnu.encoding" value="Cp1252"/>
    <property name="java.library.path" value="C:\Sun\Java\jdk1.6.0_25\jre\bin;.;C:\WINDOWS\Sun\Java\bin;C:\WINDOWS\system32;C:\WINDOWS;C:/Sun/Java/jdk1.6.0_25/bin/../jre/bin/client;C:/Sun/Java/jdk1.6.0_25/bin/../jre/bin;C:/Sun/Java/jdk1.6.0_25/bin/../jre/lib/i386;C:\Sun\Java\jdk1.6.0_25\bin;C:\Program Files\Gradkell Systems, Inc\DBsign Data Security Suite\Common\Lib\;C:\WINDOWS\system32;C:\WINDOWS;C:\WINDOWS\System32\Wbem;C:\WINDOWS\system32\WindowsPowerShell\v1.0;C:\Program Files\ActivIdentity\ActivClient\;C:\Program Files\Common Files\Roxio Shared\DLLShared\;C:\Program Files\Common Files\Roxio Shared\9.0\DLLShared\;C:\WINDOWS\system32\WindowsPowerShell\v1.0;C:\Program Files\Intel\DMIX;C:\Program Files\Tumbleweed\Desktop Validator\;C:\cygwin\bin;C:\emacs\emacs-23.3\bin;C:\Sun\Java\jdk1.6.0_25\bin;C:\Sun\Java\jdk1.6.0_25\jre\bin;.;C:\Program Files\QuickTime\QTSystem\;C:\apache\apache-maven-3.0.3\bin;C:\Program Files\TortoiseSVN\bin;C:\eclipse\eclipse-3.7;"/>
    <property name="surefire.test.class.path" value="C:\eclipse\eclipse-3.7\workspace\MavenHibernate\target\test-classes;C:\eclipse\eclipse-3.7\workspace\MavenHibernate\target\classes;C:\Documents and Settings\wli\.m2\repository\junit\junit\4.8.2\junit-4.8.2.jar;C:\Documents and Settings\wli\.m2\repository\org\hibernate\hibernate-core\3.6.3.Final\hibernate-core-3.6.3.Final.jar;C:\Documents and Settings\wli\.m2\repository\antlr\antlr\2.7.6\antlr-2.7.6.jar;C:\Documents and Settings\wli\.m2\repository\commons-collections\commons-collections\3.1\commons-collections-3.1.jar;C:\Documents and Settings\wli\.m2\repository\dom4j\dom4j\1.6.1\dom4j-1.6.1.jar;C:\Documents and Settings\wli\.m2\repository\org\hibernate\hibernate-commons-annotations\3.2.0.Final\hibernate-commons-annotations-3.2.0.Final.jar;C:\Documents and Settings\wli\.m2\repository\org\hibernate\javax\persistence\hibernate-jpa-2.0-api\1.0.0.Final\hibernate-jpa-2.0-api-1.0.0.Final.jar;C:\Documents and Settings\wli\.m2\repository\javax\transaction\jta\1.1\jta-1.1.jar;C:\Documents and Settings\wli\.m2\repository\org\slf4j\slf4j-api\1.6.1\slf4j-api-1.6.1.jar;C:\Documents and Settings\wli\.m2\repository\javassist\javassist\3.12.1.GA\javassist-3.12.1.GA.jar;C:\Documents and Settings\wli\.m2\repository\mysql\mysql-connector-java\5.1.17\mysql-connector-java-5.1.17.jar;C:\Documents and Settings\wli\.m2\repository\org\slf4j\slf4j-simple\1.6.1\slf4j-simple-1.6.1.jar;"/>
    <property name="java.specification.name" value="Java Platform API Specification"/>
    <property name="java.class.version" value="50.0"/>
    <property name="sun.management.compiler" value="HotSpot Client Compiler"/>
    <property name="os.version" value="5.1"/>
    <property name="user.home" value="C:\Documents and Settings\wli"/>
    <property name="user.timezone" value="America/New_York"/>
    <property name="java.awt.printerjob" value="sun.awt.windows.WPrinterJob"/>
    <property name="java.specification.version" value="1.6"/>
    <property name="file.encoding" value="Cp1252"/>
    <property name="user.name" value="wli"/>
    <property name="java.class.path" value="C:\eclipse\eclipse-3.7\workspace\MavenHibernate\target\test-classes;C:\eclipse\eclipse-3.7\workspace\MavenHibernate\target\classes;C:\Documents and Settings\wli\.m2\repository\junit\junit\4.8.2\junit-4.8.2.jar;C:\Documents and Settings\wli\.m2\repository\org\hibernate\hibernate-core\3.6.3.Final\hibernate-core-3.6.3.Final.jar;C:\Documents and Settings\wli\.m2\repository\antlr\antlr\2.7.6\antlr-2.7.6.jar;C:\Documents and Settings\wli\.m2\repository\commons-collections\commons-collections\3.1\commons-collections-3.1.jar;C:\Documents and Settings\wli\.m2\repository\dom4j\dom4j\1.6.1\dom4j-1.6.1.jar;C:\Documents and Settings\wli\.m2\repository\org\hibernate\hibernate-commons-annotations\3.2.0.Final\hibernate-commons-annotations-3.2.0.Final.jar;C:\Documents and Settings\wli\.m2\repository\org\hibernate\javax\persistence\hibernate-jpa-2.0-api\1.0.0.Final\hibernate-jpa-2.0-api-1.0.0.Final.jar;C:\Documents and Settings\wli\.m2\repository\javax\transaction\jta\1.1\jta-1.1.jar;C:\Documents and Settings\wli\.m2\repository\org\slf4j\slf4j-api\1.6.1\slf4j-api-1.6.1.jar;C:\Documents and Settings\wli\.m2\repository\javassist\javassist\3.12.1.GA\javassist-3.12.1.GA.jar;C:\Documents and Settings\wli\.m2\repository\mysql\mysql-connector-java\5.1.17\mysql-connector-java-5.1.17.jar;C:\Documents and Settings\wli\.m2\repository\org\slf4j\slf4j-simple\1.6.1\slf4j-simple-1.6.1.jar;"/>
    <property name="java.vm.specification.version" value="1.0"/>
    <property name="sun.arch.data.model" value="32"/>
    <property name="java.home" value="C:\Sun\Java\jdk1.6.0_25\jre"/>
    <property name="sun.java.command" value="C:\eclipse\eclipse-3.7\workspace\MavenHibernate\target\surefire\surefirebooter6479606523160852132.jar C:\eclipse\eclipse-3.7\workspace\MavenHibernate\target\surefire\surefire7108980453590877297tmp C:\eclipse\eclipse-3.7\workspace\MavenHibernate\target\surefire\surefire759182302054924975tmp"/>
    <property name="java.specification.vendor" value="Sun Microsystems Inc."/>
    <property name="user.language" value="en"/>
    <property name="awt.toolkit" value="sun.awt.windows.WToolkit"/>
    <property name="java.vm.info" value="mixed mode, sharing"/>
    <property name="java.version" value="1.6.0_25"/>
    <property name="java.ext.dirs" value="C:\Sun\Java\jdk1.6.0_25\jre\lib\ext;C:\WINDOWS\Sun\Java\lib\ext"/>
    <property name="sun.boot.class.path" value="C:\Sun\Java\jdk1.6.0_25\jre\lib\resources.jar;C:\Sun\Java\jdk1.6.0_25\jre\lib\rt.jar;C:\Sun\Java\jdk1.6.0_25\jre\lib\sunrsasign.jar;C:\Sun\Java\jdk1.6.0_25\jre\lib\jsse.jar;C:\Sun\Java\jdk1.6.0_25\jre\lib\jce.jar;C:\Sun\Java\jdk1.6.0_25\jre\lib\charsets.jar;C:\Sun\Java\jdk1.6.0_25\jre\lib\modules\jdk.boot.jar;C:\Sun\Java\jdk1.6.0_25\jre\classes"/>
    <property name="java.vendor" value="Sun Microsystems Inc."/>
    <property name="localRepository" value="C:\Documents and Settings\wli\.m2\repository"/>
    <property name="file.separator" value="\"/>
    <property name="java.vendor.url.bug" value="http://java.sun.com/cgi-bin/bugreport.cgi"/>
    <property name="sun.cpu.endian" value="little"/>
    <property name="sun.io.unicode.encoding" value="UnicodeLittle"/>
    <property name="sun.desktop" value="windows"/>
    <property name="sun.cpu.isalist" value="pentium_pro+mmx pentium_pro pentium+mmx pentium i486 i386 i86"/>
  </properties>
  <testcase time="1.266" classname="wli.hibernate.db.EventTest" name="testEventDateString"/>
</testsuite>